Loading main app package C:\Users\Adrian\AppData\Local\Obsidian\resources\obsidian.asar
Checking for update using Github
Success.
Downloading update from https://github.com/obsidianmd/obsidian-releases/releases/download/v0.10.7/obsidian-0.10.7.asar.gz
Redirect: https://github-production-release-asset-2e65be.s3.amazonaws.com/262342594/cd375880-50f8-11eb-9380-27402207670b?X-Amz-Algorithm=AWS4-HMAC-SHA256&X-Amz-Credential=AKIAIWNJYAX4CSVEH53A%2F20210114%2Fus-east-1%2Fs3%2Faws4_request&X-Amz-Date=20210114T154708Z&X-Amz-Expires=300&X-Amz-Signature=8614e7a42a38ce61222a28c3fcc206146a0d6373e74ef9583210a85dbdebf148&X-Amz-SignedHeaders=host&actor_id=0&key_id=0&repo_id=262342594&response-content-disposition=attachment%3B%20filename%3Dobsidian-0.10.7.asar.gz&response-content-type=application%2Foctet-stream
Verifying hash & signature
Saving file
Update complete.
Loading updated app package C:\Users\Adrian\AppData\Roaming\obsidian\obsidian-0.10.7.asar
Checking for update using Github
Success.
App is up to date.
Loading updated app package C:\Users\Adrian\AppData\Roaming\obsidian\obsidian-0.10.7.asar
Checking for update using Github
Success.
App is up to date.
Loading updated app package C:\Users\Adrian\AppData\Roaming\obsidian\obsidian-0.10.7.asar
Checking for update using Github
Success.
App is up to date.
Loading updated app package C:\Users\Adrian\AppData\Roaming\obsidian\obsidian-0.10.7.asar
Checking for update using Github
Success.
Downloading update from https://github.com/obsidianmd/obsidian-releases/releases/download/v0.10.8/obsidian-0.10.8.asar.gz
Redirect: https://github-production-release-asset-2e65be.s3.amazonaws.com/262342594/11e82a00-5440-11eb-9d2c-8cf400a046f6?X-Amz-Algorithm=AWS4-HMAC-SHA256&X-Amz-Credential=AKIAIWNJYAX4CSVEH53A%2F20210124%2Fus-east-1%2Fs3%2Faws4_request&X-Amz-Date=20210124T161418Z&X-Amz-Expires=300&X-Amz-Signature=1eaa599ca570331bdcac062005ca34724444c9ca3ae475f3a816d070f962047d&X-Amz-SignedHeaders=host&actor_id=0&key_id=0&repo_id=262342594&response-content-disposition=attachment%3B%20filename%3Dobsidian-0.10.8.asar.gz&response-content-type=application%2Foctet-stream
Loading updated app package C:\Users\Adrian\AppData\Roaming\obsidian\obsidian-0.10.7.asar
Checking for update using Github
Success.
Downloading update from https://github.com/obsidianmd/obsidian-releases/releases/download/v0.11.13/obsidian-0.11.13.asar.gz
Redirect: https://github-releases.githubusercontent.com/262342594/edcf4d00-9545-11eb-9f97-01acdb885149?X-Amz-Algorithm=AWS4-HMAC-SHA256&X-Amz-Credential=AKIAIWNJYAX4CSVEH53A%2F20210504%2Fus-east-1%2Fs3%2Faws4_request&X-Amz-Date=20210504T104831Z&X-Amz-Expires=300&X-Amz-Signature=bed36ff736a6c2eee016d83be47ae6bf8bd8892d9a85aefda3f9556c07d80087&X-Amz-SignedHeaders=host&actor_id=0&key_id=0&repo_id=262342594&response-content-disposition=attachment%3B%20filename%3Dobsidian-0.11.13.asar.gz&response-content-type=application%2Foctet-stream
Verifying hash & signature
Saving file
Update complete.
Loading updated app package C:\Users\Adrian\AppData\Roaming\obsidian\obsidian-0.11.13.asar
Checking for update using Github
Success.
App is up to date.
Loading updated app package C:\Users\Adrian\AppData\Roaming\obsidian\obsidian-0.11.13.asar
Checking for update using Github
Success.
Downloading update from https://github.com/obsidianmd/obsidian-releases/releases/download/v0.12.3/obsidian-0.12.3.asar.gz
Redirect: https://github-releases.githubusercontent.com/262342594/b12deb80-b1ac-11eb-847d-409c98b1a119?X-Amz-Algorithm=AWS4-HMAC-SHA256&X-Amz-Credential=AKIAIWNJYAX4CSVEH53A%2F20210523%2Fus-east-1%2Fs3%2Faws4_request&X-Amz-Date=20210523T114239Z&X-Amz-Expires=300&X-Amz-Signature=7e65fe0aa1f322e18744b863eb76acce51257905912475947b2a1152fe4cfa77&X-Amz-SignedHeaders=host&actor_id=0&key_id=0&repo_id=262342594&response-content-disposition=attachment%3B%20filename%3Dobsidian-0.12.3.asar.gz&response-content-type=application%2Foctet-stream
Verifying hash & signature
Saving file
Update complete.
Loading updated app package C:\Users\Adrian\AppData\Roaming\obsidian\obsidian-0.12.3.asar
Checking for update using Github
Success.
App is up to date.
Loading updated app package C:\Users\Adrian\AppData\Roaming\obsidian\obsidian-0.12.3.asar
Checking for update using Github
Success.
App is up to date.
Loading updated app package C:\Users\Adrian\AppData\Roaming\obsidian\obsidian-0.12.3.asar
Checking for update using Github
Success.
App is up to date.
Loading updated app package C:\Users\Adrian\AppData\Roaming\obsidian\obsidian-0.12.3.asar
Checking for update using Github
Success.
App is up to date.
Loading updated app package C:\Users\Adrian\AppData\Roaming\obsidian\obsidian-0.12.3.asar
Checking for update using Github
Success.
Downloading update from https://github.com/obsidianmd/obsidian-releases/releases/download/v0.12.5/obsidian-0.12.5.asar.gz
Redirect: https://github-releases.githubusercontent.com/262342594/5c2ec680-c7a6-11eb-8220-f2ad25787534?X-Amz-Algorithm=AWS4-HMAC-SHA256&X-Amz-Credential=AKIAIWNJYAX4CSVEH53A%2F20210623%2Fus-east-1%2Fs3%2Faws4_request&X-Amz-Date=20210623T172148Z&X-Amz-Expires=300&X-Amz-Signature=cafd33779f2909046a20e1c74c90078b98ebe35e9ca485e9b943e27034a5b66d&X-Amz-SignedHeaders=host&actor_id=0&key_id=0&repo_id=262342594&response-content-disposition=attachment%3B%20filename%3Dobsidian-0.12.5.asar.gz&response-content-type=application%2Foctet-stream
Loading updated app package C:\Users\Adrian\AppData\Roaming\obsidian\obsidian-0.12.3.asar
Checking for update using Github
Success.
Downloading update from https://github.com/obsidianmd/obsidian-releases/releases/download/v0.12.10/obsidian-0.12.10.asar.gz
Redirect: https://github-releases.githubusercontent.com/262342594/b90ecf80-df52-11eb-9dab-b2cc579edce0?X-Amz-Algorithm=AWS4-HMAC-SHA256&X-Amz-Credential=AKIAIWNJYAX4CSVEH53A%2F20210719%2Fus-east-1%2Fs3%2Faws4_request&X-Amz-Date=20210719T181016Z&X-Amz-Expires=300&X-Amz-Signature=cd023194461a10fb3fa00bb9a9d2d7648522943d1989db71710e2eb4a26501e2&X-Amz-SignedHeaders=host&actor_id=0&key_id=0&repo_id=262342594&response-content-disposition=attachment%3B%20filename%3Dobsidian-0.12.10.asar.gz&response-content-type=application%2Foctet-stream
Verifying hash & signature
Saving file
Update complete.
Loading updated app package C:\Users\Adrian\AppData\Roaming\obsidian\obsidian-0.12.10.asar
Checking for update using Github
Success.
App is up to date.
Loading updated app package C:\Users\Adrian\AppData\Roaming\obsidian\obsidian-0.12.10.asar
Checking for update using Github
Success.
Downloading update from https://github.com/obsidianmd/obsidian-releases/releases/download/v0.12.12/obsidian-0.12.12.asar.gz
Redirect: https://github-releases.githubusercontent.com/262342594/0d091570-4eb5-406f-a10d-a2603d98079b?X-Amz-Algorithm=AWS4-HMAC-SHA256&X-Amz-Credential=AKIAIWNJYAX4CSVEH53A%2F20210804%2Fus-east-1%2Fs3%2Faws4_request&X-Amz-Date=20210804T122238Z&X-Amz-Expires=300&X-Amz-Signature=9aec7c46ea9e97f57bb7f45ac232e8273e9e33e7bbba282ece0898772f73fa3e&X-Amz-SignedHeaders=host&actor_id=0&key_id=0&repo_id=262342594&response-content-disposition=attachment%3B%20filename%3Dobsidian-0.12.12.asar.gz&response-content-type=application%2Foctet-stream
Loading updated app package C:\Users\Adrian\AppData\Roaming\obsidian\obsidian-0.12.10.asar
Checking for update using Github
Success.
Downloading update from https://github.com/obsidianmd/obsidian-releases/releases/download/v0.13.19/obsidian-0.13.19.asar.gz
Redirect: https://objects.githubusercontent.com/github-production-release-asset-2e65be/262342594/e2806204-6e80-43d8-87fb-e7656523b829?X-Amz-Algorithm=AWS4-HMAC-SHA256&X-Amz-Credential=AKIAIWNJYAX4CSVEH53A%2F20220106%2Fus-east-1%2Fs3%2Faws4_request&X-Amz-Date=20220106T095843Z&X-Amz-Expires=300&X-Amz-Signature=457e74594d8de9b31ae471cc3b716b301cc6e6535b728a052d0b89a55a4cabc4&X-Amz-SignedHeaders=host&actor_id=0&key_id=0&repo_id=262342594&response-content-disposition=attachment%3B%20filename%3Dobsidian-0.13.19.asar.gz&response-content-type=application%2Foctet-stream
Verifying hash & signature
Saving file
Update complete.
Loading updated app package C:\Users\Adrian\AppData\Roaming\obsidian\obsidian-0.13.19.asar
Checking for update using Github
Success.
Downloading update from https://github.com/obsidianmd/obsidian-releases/releases/download/v0.13.23/obsidian-0.13.23.asar.gz
Redirect: https://objects.githubusercontent.com/github-production-release-asset-2e65be/262342594/968564bf-358f-4946-a57c-6cfd4c52e64c?X-Amz-Algorithm=AWS4-HMAC-SHA256&X-Amz-Credential=AKIAIWNJYAX4CSVEH53A%2F20220216%2Fus-east-1%2Fs3%2Faws4_request&X-Amz-Date=20220216T180347Z&X-Amz-Expires=300&X-Amz-Signature=4ed90bdbf621a84c0e32ad871a38dcda8b425336147de27425825bc1859ed336&X-Amz-SignedHeaders=host&actor_id=0&key_id=0&repo_id=262342594&response-content-disposition=attachment%3B%20filename%3Dobsidian-0.13.23.asar.gz&response-content-type=application%2Foctet-stream
Verifying hash & signature
Saving file
Update complete.
Checking for update using Github
Success.
An update is already downloaded.
Loading updated app package C:\Users\Adrian\AppData\Roaming\obsidian\obsidian-0.13.23.asar
Checking for update using Github
Success.
App is up to date.
Checking for update using Github
Success.
App is up to date.
Loading updated app package C:\Users\Adrian\AppData\Roaming\obsidian\obsidian-0.13.23.asar
Checking for update using Github
Success.
App is up to date.
Loading updated app package C:\Users\Adrian\AppData\Roaming\obsidian\obsidian-0.13.23.asar
Checking for update using Github
Success.
Downloading update from https://github.com/obsidianmd/obsidian-releases/releases/download/v0.13.33/obsidian-0.13.33.asar.gz
Redirect: https://objects.githubusercontent.com/github-production-release-asset-2e65be/262342594/83a5989b-f9c2-470d-af4d-13a83efbba92?X-Amz-Algorithm=AWS4-HMAC-SHA256&X-Amz-Credential=AKIAIWNJYAX4CSVEH53A%2F20220313%2Fus-east-1%2Fs3%2Faws4_request&X-Amz-Date=20220313T163755Z&X-Amz-Expires=300&X-Amz-Signature=2eca8ed7dcbb3ae7a500c9f286b1d7ca49deb8e63ba327454c4fb2ff56448516&X-Amz-SignedHeaders=host&actor_id=0&key_id=0&repo_id=262342594&response-content-disposition=attachment%3B%20filename%3Dobsidian-0.13.33.asar.gz&response-content-type=application%2Foctet-stream
Verifying hash & signature
Saving file
Update complete.
Checking for update using Github
Success.
An update is already downloaded.
Loading updated app package C:\Users\Adrian\AppData\Roaming\obsidian\obsidian-0.13.33.asar
Checking for update using Github
Success.
App is up to date.
Loading updated app package C:\Users\Adrian\AppData\Roaming\obsidian\obsidian-0.13.33.asar
Checking for update using Github
Success.
Update failed: minimum version mismatch. App must be manually updated
2022-04-04 18:05:46 Loading main app package C:\Users\Adrian\AppData\Local\Obsidian\resources\obsidian.asar
2022-04-04 18:05:46 Checking for update using Github
2022-04-04 18:05:46 Success.
2022-04-04 18:05:46 Latest version is 0.14.2
2022-04-04 18:05:46 App is up to date.
2022-04-04 19:05:46 Checking for update using Github
2022-04-04 19:05:46 Success.
2022-04-04 19:05:46 Latest version is 0.14.2
2022-04-04 19:05:46 App is up to date.
2022-04-05 16:20:37 Loading main app package C:\Users\Adrian\AppData\Local\Obsidian\resources\obsidian.asar
2022-04-05 16:20:37 Checking for update using Github
2022-04-05 16:20:38 Success.
2022-04-05 16:20:38 Latest version is 0.14.2
2022-04-05 16:20:38 App is up to date.
2022-04-05 17:20:37 Checking for update using Github
2022-04-05 17:20:37 Success.
2022-04-05 17:20:37 Latest version is 0.14.2
2022-04-05 17:20:37 App is up to date.
2022-04-07 16:56:30 Loading main app package C:\Users\Adrian\AppData\Local\Obsidian\resources\obsidian.asar
2022-04-07 16:56:30 Checking for update using Github
2022-04-07 16:56:30 Success.
2022-04-07 16:56:30 Latest version is 0.14.2
2022-04-07 16:56:30 App is up to date.
2022-04-09 15:17:39 Loading main app package C:\Users\Adrian\AppData\Local\Obsidian\resources\obsidian.asar
2022-04-09 15:17:39 Checking for update using Github
2022-04-09 15:17:39 Success.
2022-04-09 15:17:39 Latest version is 0.14.2
2022-04-09 15:17:39 App is up to date.
2022-04-11 18:11:54 Loading main app package C:\Users\Adrian\AppData\Local\Obsidian\resources\obsidian.asar
2022-04-11 18:11:54 Checking for update using Github
2022-04-11 18:11:54 Success.
2022-04-11 18:11:54 Latest version is 0.14.5
2022-04-11 18:11:54 Downloading update from https://github.com/obsidianmd/obsidian-releases/releases/download/v0.14.5/obsidian-0.14.5.asar.gz
2022-04-11 18:11:55 Verifying hash & signature. Size= 5287918
2022-04-11 18:11:55 Saving file
2022-04-11 18:11:55 Update complete.
2022-04-11 19:11:54 Checking for update using Github
2022-04-11 19:11:54 Success.
2022-04-11 19:11:54 Latest version is 0.14.5
2022-04-11 19:11:54 An update is already downloaded.
2022-04-13 18:29:07 Loading updated app package C:\Users\Adrian\AppData\Roaming\obsidian\obsidian-0.14.5.asar
2022-04-13 18:29:07 Checking for update using Github
2022-04-13 18:29:07 Success.
2022-04-13 18:29:07 Latest version is 0.14.5
2022-04-13 18:29:07 App is up to date.
2022-04-13 19:29:07 Checking for update using Github
2022-04-13 19:29:07 Success.
2022-04-13 19:29:07 Latest version is 0.14.5
2022-04-13 19:29:07 App is up to date.
2022-04-14 17:44:06 Loading updated app package C:\Users\Adrian\AppData\Roaming\obsidian\obsidian-0.14.5.asar
2022-04-14 17:44:06 Checking for update using Github
2022-04-14 17:44:06 Success.
2022-04-14 17:44:06 Latest version is 0.14.5
2022-04-14 17:44:06 App is up to date.
2022-04-16 18:16:03 Loading updated app package C:\Users\Adrian\AppData\Roaming\obsidian\obsidian-0.14.5.asar
2022-04-16 18:16:03 Checking for update using Github
2022-04-16 18:16:03 Success.
2022-04-16 18:16:03 Latest version is 0.14.5
2022-04-16 18:16:03 App is up to date.
2022-04-16 19:16:03 Checking for update using Github
2022-04-16 19:16:03 Success.
2022-04-16 19:16:03 Latest version is 0.14.5
2022-04-16 19:16:03 App is up to date.
2022-04-17 16:56:16 Loading updated app package C:\Users\Adrian\AppData\Roaming\obsidian\obsidian-0.14.5.asar
2022-04-17 16:56:16 Checking for update using Github
2022-04-17 16:56:17 Success.
2022-04-17 16:56:17 Latest version is 0.14.5
2022-04-17 16:56:17 App is up to date.
2022-04-17 17:56:16 Checking for update using Github
2022-04-17 17:56:16 Success.
2022-04-17 17:56:16 Latest version is 0.14.5
2022-04-17 17:56:16 App is up to date.
2022-04-18 11:45:45 Loading updated app package C:\Users\Adrian\AppData\Roaming\obsidian\obsidian-0.14.5.asar
2022-04-18 11:45:45 Checking for update using Github
2022-04-18 11:45:45 Success.
2022-04-18 11:45:45 Latest version is 0.14.5
2022-04-18 11:45:45 App is up to date.
2022-04-18 12:45:45 Checking for update using Github
2022-04-18 12:45:45 Success.
2022-04-18 12:45:45 Latest version is 0.14.5
2022-04-18 12:45:45 App is up to date.
2022-04-18 13:26:35 Loading updated app package C:\Users\Adrian\AppData\Roaming\obsidian\obsidian-0.14.5.asar
2022-04-18 13:26:35 Checking for update using Github
2022-04-18 13:26:35 Success.
2022-04-18 13:26:35 Latest version is 0.14.5
2022-04-18 13:26:35 App is up to date.
2022-04-18 14:26:35 Checking for update using Github
2022-04-18 14:26:35 Success.
2022-04-18 14:26:35 Latest version is 0.14.5
2022-04-18 14:26:35 App is up to date.
2022-04-18 16:58:38 Loading updated app package C:\Users\Adrian\AppData\Roaming\obsidian\obsidian-0.14.5.asar
2022-04-18 16:58:38 Checking for update using Github
2022-04-18 16:58:38 Success.
2022-04-18 16:58:38 Latest version is 0.14.5
2022-04-18 16:58:38 App is up to date.
2022-04-18 17:27:43 Loading updated app package C:\Users\Adrian\AppData\Roaming\obsidian\obsidian-0.14.5.asar
2022-04-18 17:27:43 Checking for update using Github
2022-04-18 17:27:43 Success.
2022-04-18 17:27:43 Latest version is 0.14.5
2022-04-18 17:27:43 App is up to date.
2022-04-18 18:27:43 Checking for update using Github
2022-04-18 18:27:43 Success.
2022-04-18 18:27:43 Latest version is 0.14.5
2022-04-18 18:27:43 App is up to date.
2022-04-18 19:27:43 Checking for update using Github
2022-04-18 19:27:43 Success.
2022-04-18 19:27:43 Latest version is 0.14.5
2022-04-18 19:27:43 App is up to date.
2022-04-23 16:00:08 Loading updated app package C:\Users\Adrian\AppData\Roaming\obsidian\obsidian-0.14.5.asar
2022-04-23 16:00:09 Checking for update using Github
2022-04-23 16:00:09 Success.
2022-04-23 16:00:09 Latest version is 0.14.6
2022-04-23 16:00:09 Downloading update from https://github.com/obsidianmd/obsidian-releases/releases/download/v0.14.6/obsidian-0.14.6.asar.gz
2022-04-23 16:00:09 Verifying hash & signature. Size= 5291318
2022-04-23 16:00:09 Saving file
2022-04-23 16:00:10 Update complete.
2022-04-23 17:00:08 Checking for update using Github
2022-04-23 17:00:08 Success.
2022-04-23 17:00:08 Latest version is 0.14.6
2022-04-23 17:00:08 An update is already downloaded.
2022-04-23 17:08:14 Loading updated app package C:\Users\Adrian\AppData\Roaming\obsidian\obsidian-0.14.6.asar
2022-04-23 17:08:14 Checking for update using Github
2022-04-23 17:08:14 Success.
2022-04-23 17:08:14 Latest version is 0.14.6
2022-04-23 17:08:14 App is up to date.
2022-04-23 18:08:14 Checking for update using Github
2022-04-23 18:08:14 Success.
2022-04-23 18:08:14 Latest version is 0.14.6
2022-04-23 18:08:14 App is up to date.
2022-04-23 19:08:14 Checking for update using Github
2022-04-23 19:08:14 Success.
2022-04-23 19:08:14 Latest version is 0.14.6
2022-04-23 19:08:14 App is up to date.
2022-04-24 09:02:11 Loading updated app package C:\Users\Adrian\AppData\Roaming\obsidian\obsidian-0.14.6.asar
2022-04-24 09:02:11 Checking for update using Github
2022-04-24 09:02:12 Success.
2022-04-24 09:02:12 Latest version is 0.14.6
2022-04-24 09:02:12 App is up to date.
2022-04-24 10:02:11 Checking for update using Github
2022-04-24 10:02:11 Success.
2022-04-24 10:02:11 Latest version is 0.14.6
2022-04-24 10:02:11 App is up to date.
2022-04-24 16:29:16 Loading updated app package C:\Users\Adrian\AppData\Roaming\obsidian\obsidian-0.14.6.asar
2022-04-24 16:29:16 Checking for update using Github
2022-04-24 16:29:16 Success.
2022-04-24 16:29:16 Latest version is 0.14.6
2022-04-24 16:29:16 App is up to date.
2022-04-24 17:29:16 Checking for update using Github
2022-04-24 17:29:16 Success.
2022-04-24 17:29:16 Latest version is 0.14.6
2022-04-24 17:29:16 App is up to date.
2022-04-24 17:41:11 Loading updated app package C:\Users\Adrian\AppData\Roaming\obsidian\obsidian-0.14.6.asar
2022-04-24 17:41:11 Checking for update using Github
2022-04-24 17:41:11 Success.
2022-04-24 17:41:11 Latest version is 0.14.6
2022-04-24 17:41:11 App is up to date.
2022-04-26 12:17:11 Loading updated app package C:\Users\Adrian\AppData\Roaming\obsidian\obsidian-0.14.6.asar
2022-04-26 12:17:11 Checking for update using Github
2022-04-26 12:17:11 Success.
2022-04-26 12:17:11 Latest version is 0.14.6
2022-04-26 12:17:11 App is up to date.
2022-04-26 13:17:11 Checking for update using Github
2022-04-26 13:17:11 Success.
2022-04-26 13:17:11 Latest version is 0.14.6
2022-04-26 13:17:11 App is up to date.
2022-04-28 17:51:38 Loading updated app package C:\Users\Adrian\AppData\Roaming\obsidian\obsidian-0.14.6.asar
2022-04-28 17:51:38 Checking for update using Github
2022-04-28 17:51:38 Success.
2022-04-28 17:51:38 Latest version is 0.14.6
2022-04-28 17:51:38 App is up to date.
2022-04-29 09:54:06 Loading updated app package C:\Users\Adrian\AppData\Roaming\obsidian\obsidian-0.14.6.asar
2022-04-29 09:54:06 Checking for update using Github
2022-04-29 09:54:06 Success.
2022-04-29 09:54:06 Latest version is 0.14.6
2022-04-29 09:54:06 App is up to date.
2022-04-30 10:14:26 Loading updated app package C:\Users\Adrian\AppData\Roaming\obsidian\obsidian-0.14.6.asar
2022-04-30 10:14:27 Checking for update using Github
2022-04-30 10:14:29 Success.
2022-04-30 10:14:29 Latest version is 0.14.6
2022-04-30 10:14:29 App is up to date.
2022-05-03 07:28:50 Loading updated app package C:\Users\Adrian\AppData\Roaming\obsidian\obsidian-0.14.6.asar
2022-05-03 07:28:50 Checking for update using Github
2022-05-03 07:28:51 Success.
2022-05-03 07:28:51 Latest version is 0.14.6
2022-05-03 07:28:51 App is up to date.
2022-05-03 08:28:50 Checking for update using Github
2022-05-03 08:28:51 Success.
2022-05-03 08:28:51 Latest version is 0.14.6
2022-05-03 08:28:51 App is up to date.
2022-05-03 09:28:50 Checking for update using Github
2022-05-03 09:28:50 Success.
2022-05-03 09:28:50 Latest version is 0.14.6
2022-05-03 09:28:50 App is up to date.
2022-05-03 10:28:50 Checking for update using Github
2022-05-03 10:28:50 Success.
2022-05-03 10:28:50 Latest version is 0.14.6
2022-05-03 10:28:50 App is up to date.
2022-05-05 16:24:14 Loading updated app package C:\Users\Adrian\AppData\Roaming\obsidian\obsidian-0.14.6.asar
2022-05-05 16:24:14 Checking for update using Github
2022-05-05 16:24:14 Success.
2022-05-05 16:24:14 Latest version is 0.14.6
2022-05-05 16:24:14 App is up to date.
2022-05-05 17:24:12 Checking for update using Github
2022-05-05 17:24:13 Success.
2022-05-05 17:24:13 Latest version is 0.14.6
2022-05-05 17:24:13 App is up to date.
2022-05-05 18:24:12 Checking for update using Github
2022-05-05 18:24:13 Success.
2022-05-05 18:24:13 Latest version is 0.14.6
2022-05-05 18:24:13 App is up to date.
2022-05-05 19:24:12 Checking for update using Github
2022-05-05 19:24:13 Success.
2022-05-05 19:24:13 Latest version is 0.14.6
2022-05-05 19:24:13 App is up to date.
2022-05-06 18:14:28 Loading updated app package C:\Users\Adrian\AppData\Roaming\obsidian\obsidian-0.14.6.asar
2022-05-06 18:14:28 Checking for update using Github
2022-05-06 18:14:28 Success.
2022-05-06 18:14:28 Latest version is 0.14.6
2022-05-06 18:14:28 App is up to date.
2022-05-06 19:14:28 Checking for update using Github
2022-05-06 19:14:28 Success.
2022-05-06 19:14:28 Latest version is 0.14.6
2022-05-06 19:14:28 App is up to date.
2022-05-06 19:39:08 Loading updated app package C:\Users\Adrian\AppData\Roaming\obsidian\obsidian-0.14.6.asar
2022-05-06 19:39:09 Checking for update using Github
2022-05-06 19:39:09 Success.
2022-05-06 19:39:09 Latest version is 0.14.6
2022-05-06 19:39:09 App is up to date.
2022-05-06 19:47:30 Loading updated app package C:\Users\Adrian\AppData\Roaming\obsidian\obsidian-0.14.6.asar
2022-05-06 19:47:31 Checking for update using Github
2022-05-06 19:47:31 Success.
2022-05-06 19:47:31 Latest version is 0.14.6
2022-05-06 19:47:31 App is up to date.
2022-05-06 19:47:51 Loading updated app package C:\Users\Adrian\AppData\Roaming\obsidian\obsidian-0.14.6.asar
2022-05-06 19:47:51 Checking for update using Github
2022-05-06 19:47:51 Success.
2022-05-06 19:47:51 Latest version is 0.14.6
2022-05-06 19:47:51 App is up to date.
2022-05-06 19:49:40 Loading updated app package C:\Users\Adrian\AppData\Roaming\obsidian\obsidian-0.14.6.asar
2022-05-06 19:49:41 Checking for update using Github
2022-05-06 19:49:41 Success.
2022-05-06 19:49:41 Latest version is 0.14.6
2022-05-06 19:49:41 App is up to date.
2022-05-06 19:50:55 Loading updated app package C:\Users\Adrian\AppData\Roaming\obsidian\obsidian-0.14.6.asar
2022-05-06 19:50:55 Checking for update using Github
2022-05-06 19:50:55 Success.
2022-05-06 19:50:55 Latest version is 0.14.6
2022-05-06 19:50:55 App is up to date.
2022-05-06 19:53:15 Loading updated app package C:\Users\Adrian\AppData\Roaming\obsidian\obsidian-0.14.6.asar
2022-05-06 19:53:15 Checking for update using Github
2022-05-06 19:53:16 Success.
2022-05-06 19:53:16 Latest version is 0.14.6
2022-05-06 19:53:16 App is up to date.
2022-05-07 09:09:20 Loading updated app package C:\Users\Adrian\AppData\Roaming\obsidian\obsidian-0.14.6.asar
2022-05-07 09:09:20 Checking for update using Github
2022-05-07 09:09:20 Success.
2022-05-07 09:09:20 Latest version is 0.14.6
2022-05-07 09:09:20 App is up to date.
